<?xml version="1.0" encoding="UTF-8"?>
<testsuite xmlns:xsi="http://www.w3.org/2001/XMLSchema-instance" xsi:noNamespaceSchemaLocation="https://maven.apache.org/surefire/maven-surefire-plugin/xsd/surefire-test-report.xsd" name="UserCreateTest" time="4.668" tests="5" errors="0" skipped="0" failures="0">
  <properties>
    <property name="java.specification.version" value="20"/>
    <property name="sun.jnu.encoding" value="UTF-8"/>
    <property name="java.class.path" value="/Users/evgeniiafedorova/Diplom_Evgeniia_Fedorova_20/Diplom_2/target/test-classes:/Users/evgeniiafedorova/Diplom_Evgeniia_Fedorova_20/Diplom_2/target/classes:/Users/evgeniiafedorova/.m2/repository/com/google/code/gson/gson/2.8.9/gson-2.8.9.jar:/Users/evgeniiafedorova/.m2/repository/io/qameta/allure/allure-junit4/2.22.1/allure-junit4-2.22.1.jar:/Users/evgeniiafedorova/.m2/repository/io/qameta/allure/allure-java-commons/2.22.1/allure-java-commons-2.22.1.jar:/Users/evgeniiafedorova/.m2/repository/org/slf4j/slf4j-api/1.7.36/slf4j-api-1.7.36.jar:/Users/evgeniiafedorova/.m2/repository/io/qameta/allure/allure-model/2.22.1/allure-model-2.22.1.jar:/Users/evgeniiafedorova/.m2/repository/junit/junit/4.13.2/junit-4.13.2.jar:/Users/evgeniiafedorova/.m2/repository/org/hamcrest/hamcrest-core/1.3/hamcrest-core-1.3.jar:/Users/evgeniiafedorova/.m2/repository/io/qameta/allure/allure-rest-assured/2.22.1/allure-rest-assured-2.22.1.jar:/Users/evgeniiafedorova/.m2/repository/io/qameta/allure/allure-attachments/2.22.1/allure-attachments-2.22.1.jar:/Users/evgeniiafedorova/.m2/repository/org/freemarker/freemarker/2.3.31/freemarker-2.3.31.jar:/Users/evgeniiafedorova/.m2/repository/io/rest-assured/rest-assured/5.3.0/rest-assured-5.3.0.jar:/Users/evgeniiafedorova/.m2/repository/org/apache/groovy/groovy/4.0.6/groovy-4.0.6.jar:/Users/evgeniiafedorova/.m2/repository/org/apache/groovy/groovy-xml/4.0.6/groovy-xml-4.0.6.jar:/Users/evgeniiafedorova/.m2/repository/org/apache/httpcomponents/httpclient/4.5.13/httpclient-4.5.13.jar:/Users/evgeniiafedorova/.m2/repository/org/apache/httpcomponents/httpcore/4.4.13/httpcore-4.4.13.jar:/Users/evgeniiafedorova/.m2/repository/commons-logging/commons-logging/1.2/commons-logging-1.2.jar:/Users/evgeniiafedorova/.m2/repository/commons-codec/commons-codec/1.11/commons-codec-1.11.jar:/Users/evgeniiafedorova/.m2/repository/org/apache/httpcomponents/httpmime/4.5.13/httpmime-4.5.13.jar:/Users/evgeniiafedorova/.m2/repository/org/hamcrest/hamcrest/2.1/hamcrest-2.1.jar:/Users/evgeniiafedorova/.m2/repository/org/ccil/cowan/tagsoup/tagsoup/1.2.1/tagsoup-1.2.1.jar:/Users/evgeniiafedorova/.m2/repository/io/rest-assured/json-path/5.3.0/json-path-5.3.0.jar:/Users/evgeniiafedorova/.m2/repository/org/apache/groovy/groovy-json/4.0.6/groovy-json-4.0.6.jar:/Users/evgeniiafedorova/.m2/repository/io/rest-assured/rest-assured-common/5.3.0/rest-assured-common-5.3.0.jar:/Users/evgeniiafedorova/.m2/repository/io/rest-assured/xml-path/5.3.0/xml-path-5.3.0.jar:/Users/evgeniiafedorova/.m2/repository/com/github/javafaker/javafaker/1.0.2/javafaker-1.0.2.jar:/Users/evgeniiafedorova/.m2/repository/org/apache/commons/commons-lang3/3.5/commons-lang3-3.5.jar:/Users/evgeniiafedorova/.m2/repository/org/yaml/snakeyaml/1.23/snakeyaml-1.23-android.jar:/Users/evgeniiafedorova/.m2/repository/com/github/mifmif/generex/1.0.2/generex-1.0.2.jar:/Users/evgeniiafedorova/.m2/repository/dk/brics/automaton/automaton/1.11-8/automaton-1.11-8.jar:/Users/evgeniiafedorova/.m2/repository/antlr/antlr/2.7.2/antlr-2.7.2.jar:"/>
    <property name="java.vm.vendor" value="Homebrew"/>
    <property name="sun.arch.data.model" value="64"/>
    <property name="java.vendor.url" value="https://github.com/Homebrew/homebrew-core/issues"/>
    <property name="os.name" value="Mac OS X"/>
    <property name="java.vm.specification.version" value="20"/>
    <property name="sun.java.launcher" value="SUN_STANDARD"/>
    <property name="user.country" value="CY"/>
    <property name="sun.boot.library.path" value="/opt/homebrew/Cellar/openjdk/20.0.1/libexec/openjdk.jdk/Contents/Home/lib"/>
    <property name="sun.java.command" value="/Users/evgeniiafedorova/Diplom_Evgeniia_Fedorova_20/Diplom_2/target/surefire/surefirebooter11132429106149109897.jar /Users/evgeniiafedorova/Diplom_Evgeniia_Fedorova_20/Diplom_2/target/surefire 2023-08-06T04-05-02_607-jvmRun1 surefire14401152019658280515tmp surefire_014024983127722142479tmp"/>
    <property name="http.nonProxyHosts" value="local|*.local|169.254/16|*.169.254/16"/>
    <property name="jdk.debug" value="release"/>
    <property name="surefire.test.class.path" value="/Users/evgeniiafedorova/Diplom_Evgeniia_Fedorova_20/Diplom_2/target/test-classes:/Users/evgeniiafedorova/Diplom_Evgeniia_Fedorova_20/Diplom_2/target/classes:/Users/evgeniiafedorova/.m2/repository/com/google/code/gson/gson/2.8.9/gson-2.8.9.jar:/Users/evgeniiafedorova/.m2/repository/io/qameta/allure/allure-junit4/2.22.1/allure-junit4-2.22.1.jar:/Users/evgeniiafedorova/.m2/repository/io/qameta/allure/allure-java-commons/2.22.1/allure-java-commons-2.22.1.jar:/Users/evgeniiafedorova/.m2/repository/org/slf4j/slf4j-api/1.7.36/slf4j-api-1.7.36.jar:/Users/evgeniiafedorova/.m2/repository/io/qameta/allure/allure-model/2.22.1/allure-model-2.22.1.jar:/Users/evgeniiafedorova/.m2/repository/junit/junit/4.13.2/junit-4.13.2.jar:/Users/evgeniiafedorova/.m2/repository/org/hamcrest/hamcrest-core/1.3/hamcrest-core-1.3.jar:/Users/evgeniiafedorova/.m2/repository/io/qameta/allure/allure-rest-assured/2.22.1/allure-rest-assured-2.22.1.jar:/Users/evgeniiafedorova/.m2/repository/io/qameta/allure/allure-attachments/2.22.1/allure-attachments-2.22.1.jar:/Users/evgeniiafedorova/.m2/repository/org/freemarker/freemarker/2.3.31/freemarker-2.3.31.jar:/Users/evgeniiafedorova/.m2/repository/io/rest-assured/rest-assured/5.3.0/rest-assured-5.3.0.jar:/Users/evgeniiafedorova/.m2/repository/org/apache/groovy/groovy/4.0.6/groovy-4.0.6.jar:/Users/evgeniiafedorova/.m2/repository/org/apache/groovy/groovy-xml/4.0.6/groovy-xml-4.0.6.jar:/Users/evgeniiafedorova/.m2/repository/org/apache/httpcomponents/httpclient/4.5.13/httpclient-4.5.13.jar:/Users/evgeniiafedorova/.m2/repository/org/apache/httpcomponents/httpcore/4.4.13/httpcore-4.4.13.jar:/Users/evgeniiafedorova/.m2/repository/commons-logging/commons-logging/1.2/commons-logging-1.2.jar:/Users/evgeniiafedorova/.m2/repository/commons-codec/commons-codec/1.11/commons-codec-1.11.jar:/Users/evgeniiafedorova/.m2/repository/org/apache/httpcomponents/httpmime/4.5.13/httpmime-4.5.13.jar:/Users/evgeniiafedorova/.m2/repository/org/hamcrest/hamcrest/2.1/hamcrest-2.1.jar:/Users/evgeniiafedorova/.m2/repository/org/ccil/cowan/tagsoup/tagsoup/1.2.1/tagsoup-1.2.1.jar:/Users/evgeniiafedorova/.m2/repository/io/rest-assured/json-path/5.3.0/json-path-5.3.0.jar:/Users/evgeniiafedorova/.m2/repository/org/apache/groovy/groovy-json/4.0.6/groovy-json-4.0.6.jar:/Users/evgeniiafedorova/.m2/repository/io/rest-assured/rest-assured-common/5.3.0/rest-assured-common-5.3.0.jar:/Users/evgeniiafedorova/.m2/repository/io/rest-assured/xml-path/5.3.0/xml-path-5.3.0.jar:/Users/evgeniiafedorova/.m2/repository/com/github/javafaker/javafaker/1.0.2/javafaker-1.0.2.jar:/Users/evgeniiafedorova/.m2/repository/org/apache/commons/commons-lang3/3.5/commons-lang3-3.5.jar:/Users/evgeniiafedorova/.m2/repository/org/yaml/snakeyaml/1.23/snakeyaml-1.23-android.jar:/Users/evgeniiafedorova/.m2/repository/com/github/mifmif/generex/1.0.2/generex-1.0.2.jar:/Users/evgeniiafedorova/.m2/repository/dk/brics/automaton/automaton/1.11-8/automaton-1.11-8.jar:/Users/evgeniiafedorova/.m2/repository/antlr/antlr/2.7.2/antlr-2.7.2.jar:"/>
    <property name="allure.results.directory" value="/Users/evgeniiafedorova/Diplom_Evgeniia_Fedorova_20/Diplom_2/target/allure-results"/>
    <property name="sun.cpu.endian" value="little"/>
    <property name="user.home" value="/Users/evgeniiafedorova"/>
    <property name="user.language" value="ru"/>
    <property name="java.specification.vendor" value="Oracle Corporation"/>
    <property name="java.version.date" value="2023-04-18"/>
    <property name="java.home" value="/opt/homebrew/Cellar/openjdk/20.0.1/libexec/openjdk.jdk/Contents/Home"/>
    <property name="file.separator" value="/"/>
    <property name="basedir" value="/Users/evgeniiafedorova/Diplom_Evgeniia_Fedorova_20/Diplom_2"/>
    <property name="java.vm.compressedOopsMode" value="Zero based"/>
    <property name="line.separator" value="&#10;"/>
    <property name="java.vm.specification.vendor" value="Oracle Corporation"/>
    <property name="java.specification.name" value="Java Platform API Specification"/>
    <property name="apple.awt.application.name" value="ForkedBooter"/>
    <property name="surefire.real.class.path" value="/Users/evgeniiafedorova/Diplom_Evgeniia_Fedorova_20/Diplom_2/target/surefire/surefirebooter11132429106149109897.jar"/>
    <property name="sun.management.compiler" value="HotSpot 64-Bit Tiered Compilers"/>
    <property name="ftp.nonProxyHosts" value="local|*.local|169.254/16|*.169.254/16"/>
    <property name="java.runtime.version" value="20.0.1"/>
    <property name="user.name" value="evgeniiafedorova"/>
    <property name="stdout.encoding" value="UTF-8"/>
    <property name="path.separator" value=":"/>
    <property name="os.version" value="13.4"/>
    <property name="java.runtime.name" value="OpenJDK Runtime Environment"/>
    <property name="file.encoding" value="UTF-8"/>
    <property name="java.vm.name" value="OpenJDK 64-Bit Server VM"/>
    <property name="java.vendor.version" value="Homebrew"/>
    <property name="localRepository" value="/Users/evgeniiafedorova/.m2/repository"/>
    <property name="java.vendor.url.bug" value="https://github.com/Homebrew/homebrew-core/issues"/>
    <property name="java.io.tmpdir" value="/var/folders/20/h1d8f3cd5y7dsm_qcx77vvmh0000gn/T/"/>
    <property name="java.version" value="20.0.1"/>
    <property name="user.dir" value="/Users/evgeniiafedorova/Diplom_Evgeniia_Fedorova_20/Diplom_2"/>
    <property name="os.arch" value="aarch64"/>
    <property name="java.vm.specification.name" value="Java Virtual Machine Specification"/>
    <property name="native.encoding" value="UTF-8"/>
    <property name="java.library.path" value="/Users/evgeniiafedorova/Library/Java/Extensions:/Library/Java/Extensions:/Network/Library/Java/Extensions:/System/Library/Java/Extensions:/usr/lib/java:."/>
    <property name="java.vm.info" value="mixed mode, sharing"/>
    <property name="stderr.encoding" value="UTF-8"/>
    <property name="java.vendor" value="Homebrew"/>
    <property name="java.vm.version" value="20.0.1"/>
    <property name="sun.io.unicode.encoding" value="UnicodeBig"/>
    <property name="socksNonProxyHosts" value="local|*.local|169.254/16|*.169.254/16"/>
    <property name="java.class.version" value="64.0"/>
  </properties>
  <testcase name="createUserWithMissingName" classname="UserCreateTest" time="0.89"/>
  <testcase name="createNewUser" classname="UserCreateTest" time="0.982"/>
  <testcase name="createUserWithMissingPassword" classname="UserCreateTest" time="0.837"/>
  <testcase name="createDuplicateUser" classname="UserCreateTest" time="0.932"/>
  <testcase name="createUserWithMissingEmail" classname="UserCreateTest" time="1.023"/>
</testsuite>